<?xml version="1.0" encoding="UTF-8"?>
<!-- Generated by org.testng.reporters.JUnitReportReporter -->
<testsuite hostname="RAHUL-PC" failures="0" tests="3" name="test.day4" time="0.002" errors="0" timestamp="2026-06-13T19:57:41 IST" skipped="0">
  <testcase classname="test.day4" name="WebloginHomeLoan" time="0.002"/>
  <testcase classname="test.day4" name="LoginAPIHomeLoan" time="0.000"/>
  <testcase classname="test.day4" name="MobileLoginHomeLoan" time="0.000"/>
</testsuite> <!-- test.day4 -->
