<?xml version="1.0" encoding="UTF-8"?>
<!-- Generated by org.testng.reporters.JUnitReportReporter -->
<testsuite hostname="RAHUL-PC" failures="0" tests="3" name="testNG_Test4" time="0.001" errors="0" timestamp="2026-06-13T13:18:09 IST" skipped="0">
  <testcase classname="testNG_Test4" name="MobileLoginHomeLoan" time="0.000"/>
  <testcase classname="testNG_Test4" name="WebloginHomeLoan" time="0.000"/>
  <testcase classname="testNG_Test4" name="LoginAPIHomeLoan" time="0.001"/>
</testsuite> <!-- testNG_Test4 -->
