<?xml version="1.0" encoding="UTF-8"?>
<!-- Generated by org.testng.reporters.JUnitXMLReporter -->
<testsuite ignored="3" hostname="RAHUL-PC" failures="0" tests="2" name="Car Loan" time="0.003" errors="0" timestamp="2026-06-13T13:18:09 IST">
  <testcase classname="testNG_Test3" name="LoginAPIcarLoan" time="0.001"/>
  <testcase classname="testNG_Test3" name="WebloginCarLoan" time="0.001"/>
  <testcase classname="testNG_Test3" name="MobileLogincarLoanSignOut" time="0.0">
    <ignored/>
  </testcase> <!-- MobileLogincarLoanSignOut -->
  <testcase classname="testNG_Test3" name="MobileLogincarLoan" time="0.0">
    <ignored/>
  </testcase> <!-- MobileLogincarLoan -->
  <testcase classname="testNG_Test3" name="MobileLogincarLoanSignIn" time="0.0">
    <ignored/>
  </testcase> <!-- MobileLogincarLoanSignIn -->
</testsuite> <!-- Car Loan -->
