<?xml version="1.0" encoding="UTF-8"?>
<!-- Generated by org.testng.reporters.JUnitXMLReporter -->
<testsuite ignored="0" hostname="RAHUL-PC" failures="0" tests="7" name="Test" time="0.031" errors="0" timestamp="2026-06-13T13:18:08 IST">
  <testcase classname="testNG_Test1" name="Test1" time="0.004"/>
  <testcase classname="testNG_Test1" name="Test2" time="0.0"/>
  <testcase classname="testNG_Test2" name="Test3" time="0.001"/>
  <testcase classname="testNG_Test2" name="Test4" time="0.0"/>
  <testcase classname="testNG_Test4" name="LoginAPIHomeLoan" time="0.001"/>
  <testcase classname="testNG_Test4" name="MobileLoginHomeLoan" time="0.0"/>
  <testcase classname="testNG_Test4" name="WebloginHomeLoan" time="0.0"/>
</testsuite> <!-- Test -->
