<?xml version="1.0" encoding="UTF-8"?>
<!-- Generated by org.testng.reporters.JUnitReportReporter -->
<testsuite hostname="Nividous-Laptop" failures="0" tests="2" name="RahulAwachar.SeleniumFrameworkDesign.ErrorValidationsTest" time="10.395" errors="0" timestamp="2026-08-12T23:04:53 IST" skipped="0">
  <testcase classname="RahulAwachar.SeleniumFrameworkDesign.ErrorValidationsTest" name="LoginErrorValidation" time="4.319"/>
  <testcase classname="RahulAwachar.SeleniumFrameworkDesign.ErrorValidationsTest" name="ProductErrorValidation" time="6.076"/>
</testsuite> <!-- RahulAwachar.SeleniumFrameworkDesign.ErrorValidationsTest -->
