<?xml version="1.0" encoding="UTF-8"?>
<!-- Generated by org.testng.reporters.JUnitXMLReporter -->
<testsuite ignored="0" hostname="Nividous-Laptop" failures="0" tests="2" name="Error Validation Test" time="10.416" errors="0" timestamp="2026-08-12T23:04:53 IST">
  <testcase classname="RahulAwachar.SeleniumFrameworkDesign.ErrorValidationsTest" name="LoginErrorValidation" time="2.959"/>
  <testcase classname="RahulAwachar.SeleniumFrameworkDesign.ErrorValidationsTest" name="ProductErrorValidation" time="4.482"/>
</testsuite> <!-- Error Validation Test -->
